#
# There is insufficient memory for the Java Runtime Environment to continue.
# Native memory allocation (malloc) failed to allocate 1402032 bytes for Chunk::new
# Possible reasons:
#   The system is out of physical RAM or swap space
#   The process is running with CompressedOops enabled, and the Java Heap may be blocking the growth of the native heap
# Possible solutions:
#   Reduce memory load on the system
#   Increase physical memory or swap space
#   Check if swap backing store is full
#   Decrease Java heap size (-Xmx/-Xms)
#   Decrease number of Java threads
#   Decrease Java thread stack sizes (-Xss)
#   Set larger code cache with -XX:ReservedCodeCacheSize=
#   JVM is running with Unscaled Compressed Oops mode in which the Java heap is
#     placed in the first 4GB address space. The Java Heap base address is the
#     maximum limit for the native heap growth. Please use -XX:HeapBaseMinAddress
#     to set the Java Heap base and to place the Java Heap above 4GB virtual address.
# This output file may be truncated or incomplete.
#
#  Out of Memory Error (allocation.cpp:389), pid=2068, tid=0x00000000000038a0
#
# JRE version: Java(TM) SE Runtime Environment (8.0_261-b12) (build 1.8.0_261-b12)
# Java VM: Java HotSpot(TM) 64-Bit Server VM (25.261-b12 mixed mode windows-amd64 compressed oops)
# Failed to write core dump. Minidumps are not enabled by default on client versions of Windows
#

---------------  T H R E A D  ---------------

Current thread (0x0000014b3f0b2800):  JavaThread "C2 CompilerThread1" daemon [_thread_in_native, id=14496, stack(0x0000000876200000,0x0000000876300000)]

Stack: [0x0000000876200000,0x0000000876300000]
Native frames: (J=compiled Java code, j=interpreted, Vv=VM code, C=native code)
V  [jvm.dll+0x33e5f9]
V  [jvm.dll+0x2850e2]
V  [jvm.dll+0x285d8d]
V  [jvm.dll+0x27c895]
V  [jvm.dll+0xe4d6c]
V  [jvm.dll+0xe556c]
V  [jvm.dll+0x47ed35]
V  [jvm.dll+0x446900]
V  [jvm.dll+0x44f8f5]
V  [jvm.dll+0x44ecb5]
V  [jvm.dll+0x439bc7]
V  [jvm.dll+0xbbbcb]
V  [jvm.dll+0xba22b]
V  [jvm.dll+0x24d962]
V  [jvm.dll+0x2a1cfc]
C  [ucrtbase.dll+0x2268a]
C  [KERNEL32.DLL+0x17974]
C  [ntdll.dll+0x6a271]


Current CompileTask:
C2:13611648 30582       4       com.android.tools.r8.z.a.a.f::a (3630 bytes)


---------------  P R O C E S S  ---------------

Java Threads: ( => current thread )
  0x0000014b4d6e1800 JavaThread "WorkerExecutor Queue Thread 5" [_thread_blocked, id=2656, stack(0x000000087ef00000,0x000000087f000000)]
  0x0000014b4d6e0800 JavaThread "Cache worker for Java compile cache (C:\Users\Laptop-1\AndroidStudioProjects\CetpeSalkjava\.gradle\6.5\javaCompile)" [_thread_blocked, id=10868, stack(0x000000087ee00000,0x000000087ef00000)]
  0x0000014b4d6d8800 JavaThread "Cache worker for Java compile cache (C:\Users\Laptop-1\.gradle\caches\6.5\javaCompile)" [_thread_blocked, id=10316, stack(0x000000087e100000,0x000000087e200000)]
  0x0000014b4d6df000 JavaThread "stdout" [_thread_in_native, id=10476, stack(0x000000087ec00000,0x000000087ed00000)]
  0x0000014b4d6de800 JavaThread "stderr" [_thread_in_native, id=1752, stack(0x000000087eb00000,0x000000087ec00000)]
  0x0000014b4d6d7000 JavaThread "stdout" [_thread_in_native, id=12036, stack(0x000000087ea00000,0x000000087eb00000)]
  0x0000014b4d6dd800 JavaThread "stderr" [_thread_in_native, id=5496, stack(0x000000087e900000,0x000000087ea00000)]
  0x0000014b4d6da000 JavaThread "stdout" [_thread_in_native, id=15236, stack(0x000000087e800000,0x000000087e900000)]
  0x0000014b4d6dd000 JavaThread "stderr" [_thread_in_native, id=11676, stack(0x000000087e700000,0x000000087e800000)]
  0x0000014b4d6d9000 JavaThread "stdout" [_thread_in_native, id=11068, stack(0x000000087e600000,0x000000087e700000)]
  0x0000014b4d6d7800 JavaThread "stderr" [_thread_in_native, id=9620, stack(0x000000087e500000,0x000000087e600000)]
  0x0000014b4d6db800 JavaThread "pool-16-thread-1" [_thread_blocked, id=12764, stack(0x000000087e400000,0x000000087e500000)]
  0x0000014b4d6dc000 JavaThread "Java2D Disposer" daemon [_thread_blocked, id=4712, stack(0x000000087e300000,0x000000087e400000)]
  0x0000014b4adb0000 JavaThread "WorkerExecutor Queue Thread 3" [_thread_blocked, id=4588, stack(0x000000087e000000,0x000000087e100000)]
  0x0000014b4ada8800 JavaThread "WorkerExecutor Queue Thread 2" [_thread_blocked, id=6560, stack(0x000000087df00000,0x000000087e000000)]
  0x0000014b4ada9800 JavaThread "WorkerExecutor Queue" [_thread_blocked, id=11244, stack(0x000000087de00000,0x000000087df00000)]
  0x0000014b4adac800 JavaThread "Cache worker for execution history cache (C:\Users\Laptop-1\AndroidStudioProjects\CetpeSalkjava\.gradle\6.5\executionHistory)" [_thread_blocked, id=15620, stack(0x000000087dd00000,0x000000087de00000)]
  0x0000014b4adae800 JavaThread "Execution worker for ':' Thread 3" [_thread_blocked, id=14644, stack(0x000000087dc00000,0x000000087dd00000)]
  0x0000014b4ada2800 JavaThread "Execution worker for ':' Thread 2" [_thread_blocked, id=3836, stack(0x000000087db00000,0x000000087dc00000)]
  0x0000014b4ada4000 JavaThread "Execution worker for ':'" [_thread_blocked, id=8672, stack(0x000000087da00000,0x000000087db00000)]
  0x0000014b4ada1000 JavaThread "Cache worker for file content cache (C:\Users\Laptop-1\AndroidStudioProjects\CetpeSalkjava\.gradle\6.5\fileContent)" [_thread_blocked, id=1976, stack(0x000000087d900000,0x000000087da00000)]
  0x0000014b4ada8000 JavaThread "Cache worker for Build Output Cleanup Cache (C:\Users\Laptop-1\AndroidStudioProjects\CetpeSalkjava\.gradle\buildOutputCleanup)" [_thread_blocked, id=15304, stack(0x000000087d600000,0x000000087d700000)]
  0x0000014b4369c000 JavaThread "Build operations Thread 4" [_thread_in_vm, id=5924, stack(0x0000000877700000,0x0000000877800000)]
  0x0000014b4369e800 JavaThread "Build operations Thread 3" [_thread_in_Java, id=13900, stack(0x0000000877600000,0x0000000877700000)]
  0x0000014b436a3000 JavaThread "Build operations Thread 2" [_thread_in_Java, id=9852, stack(0x0000000877500000,0x0000000877600000)]
  0x0000014b436a0000 JavaThread "Build operations" [_thread_in_Java, id=11084, stack(0x0000000877100000,0x0000000877200000)]
  0x0000014b43694800 JavaThread "Cache worker for cache directory md-rule (C:\Users\Laptop-1\.gradle\caches\6.5\md-rule)" [_thread_blocked, id=13112, stack(0x0000000877000000,0x0000000877100000)]
  0x0000014b43699000 JavaThread "Cache worker for cache directory md-supplier (C:\Users\Laptop-1\.gradle\caches\6.5\md-supplier)" [_thread_blocked, id=6472, stack(0x0000000876f00000,0x0000000877000000)]
  0x0000014b43697000 JavaThread "Cache worker for checksums cache (C:\Users\Laptop-1\AndroidStudioProjects\CetpeSalkjava\.gradle\checksums)" [_thread_blocked, id=7328, stack(0x0000000876e00000,0x0000000876f00000)]
  0x0000014b43696000 JavaThread "Cache worker for file hash cache (C:\Users\Laptop-1\AndroidStudioProjects\CetpeSalkjava\.gradle\6.5\fileHashes)" [_thread_blocked, id=8960, stack(0x0000000876d00000,0x0000000876e00000)]
  0x0000014b4369b800 JavaThread "Thread-881" [_thread_blocked, id=1376, stack(0x0000000876c00000,0x0000000876d00000)]
  0x0000014b4369a800 JavaThread "Asynchronous log dispatcher for DefaultDaemonConnection: socket connection from /127.0.0.1:52121 to /127.0.0.1:52711" [_thread_blocked, id=5352, stack(0x0000000876800000,0x0000000876900000)]
  0x0000014b43695800 JavaThread "Daemon worker Thread 9" [_thread_blocked, id=13488, stack(0x0000000876700000,0x0000000876800000)]
  0x0000014b43697800 JavaThread "Cancel handler" [_thread_blocked, id=11568, stack(0x0000000875600000,0x0000000875700000)]
  0x0000014b4369a000 JavaThread "Handler for socket connection from /127.0.0.1:52121 to /127.0.0.1:52711" [_thread_in_native, id=10748, stack(0x0000000875500000,0x0000000875600000)]
  0x0000014b43694000 JavaThread "Daemon Thread 9" [_thread_blocked, id=3768, stack(0x0000000875400000,0x0000000875500000)]
  0x0000014b45f41000 JavaThread "Memory manager" [_thread_blocked, id=15020, stack(0x000000087ed00000,0x000000087ee00000)]
  0x0000014b436a1800 JavaThread "Cache worker for file content cache (C:\Users\Laptop-1\.gradle\caches\6.5\fileContent)" [_thread_blocked, id=6160, stack(0x0000000878e00000,0x0000000878f00000)]
  0x0000014b4369f000 JavaThread "Cache worker for execution history cache (C:\Users\Laptop-1\.gradle\caches\6.5\executionHistory)" [_thread_blocked, id=2080, stack(0x0000000878d00000,0x0000000878e00000)]
  0x0000014b41c0c000 JavaThread "Cache worker for file hash cache (C:\Users\Laptop-1\.gradle\caches\6.5\fileHashes)" [_thread_blocked, id=8552, stack(0x0000000877400000,0x0000000877500000)]
  0x0000014b41c0a000 JavaThread "File lock request listener" [_thread_in_native, id=12832, stack(0x0000000877300000,0x0000000877400000)]
  0x0000014b41c0d800 JavaThread "Cache worker for journal cache (C:\Users\Laptop-1\.gradle\caches\journal-1)" [_thread_blocked, id=14204, stack(0x0000000877200000,0x0000000877300000)]
  0x0000014b427f1000 JavaThread "Daemon periodic checks" [_thread_blocked, id=6572, stack(0x0000000876a00000,0x0000000876b00000)]
  0x0000014b4282d000 JavaThread "Incoming local TCP Connector on port 52121" [_thread_in_native, id=8280, stack(0x0000000876900000,0x0000000876a00000)]
  0x0000014b42521000 JavaThread "Daemon health stats" [_thread_blocked, id=9280, stack(0x0000000876600000,0x0000000876700000)]
  0x0000014b3f120800 JavaThread "Service Thread" daemon [_thread_blocked, id=10892, stack(0x0000000876400000,0x0000000876500000)]
  0x0000014b3f10c000 JavaThread "C1 CompilerThread2" daemon [_thread_blocked, id=4800, stack(0x0000000876300000,0x0000000876400000)]
=>0x0000014b3f0b2800 JavaThread "C2 CompilerThread1" daemon [_thread_in_native, id=14496, stack(0x0000000876200000,0x0000000876300000)]
  0x0000014b3f0ab800 JavaThread "C2 CompilerThread0" daemon [_thread_in_native, id=3064, stack(0x0000000876100000,0x0000000876200000)]
  0x0000014b3f0aa800 JavaThread "Attach Listener" daemon [_thread_blocked, id=7904, stack(0x0000000876000000,0x0000000876100000)]
  0x0000014b3f0a8800 JavaThread "Signal Dispatcher" daemon [_thread_blocked, id=15860, stack(0x0000000875f00000,0x0000000876000000)]
  0x0000014b3f08a800 JavaThread "Finalizer" daemon [_thread_blocked, id=6476, stack(0x0000000875e00000,0x0000000875f00000)]
  0x0000014b3f081000 JavaThread "Reference Handler" daemon [_thread_blocked, id=5548, stack(0x0000000875d00000,0x0000000875e00000)]
  0x0000014b28c99000 JavaThread "main" [_thread_blocked, id=16076, stack(0x0000000875700000,0x0000000875800000)]

Other Threads:
  0x0000014b3f058000 VMThread [stack: 0x0000000875c00000,0x0000000875d00000] [id=6628]
  0x0000014b3f129800 WatcherThread [stack: 0x0000000876500000,0x0000000876600000] [id=2132]

VM state:synchronizing (normal execution)

VM Mutex/Monitor currently owned by a thread:  ([mutex/lock_event])
[0x0000014b28c95d80] Safepoint_lock - owner thread: 0x0000014b3f058000
[0x0000014b28c95f00] Threads_lock - owner thread: 0x0000014b3f058000
[0x0000014b28c97300] Heap_lock - owner thread: 0x0000014b4369c000

heap address: 0x0000000080000000, size: 2048 MB, Compressed Oops mode: 32-bit
Narrow klass base: 0x0000000000000000, Narrow klass shift: 3
Compressed class space size: 1073741824 Address: 0x0000000100000000

Heap:
 PSYoungGen      total 642048K, used 615111K [0x00000000d5580000, 0x0000000100000000, 0x0000000100000000)
  eden space 584704K, 100% used [0x00000000d5580000,0x00000000f9080000,0x00000000f9080000)
  from space 57344K, 53% used [0x00000000fc800000,0x00000000fe5b1e18,0x0000000100000000)
  to   space 56832K, 0% used [0x00000000f9080000,0x00000000f9080000,0x00000000fc800000)
 ParOldGen       total 241664K, used 144883K [0x0000000080000000, 0x000000008ec00000, 0x00000000d5580000)
  object space 241664K, 59% used [0x0000000080000000,0x0000000088d7cc38,0x000000008ec00000)
 Metaspace       used 173569K, capacity 181224K, committed 183296K, reserved 1208320K
  class space    used 22878K, capacity 24320K, committed 24832K, reserved 1048576K

Card table byte_map: [0x0000014b39bf0000,0x0000014b3a000000] byte_map_base: 0x0000014b397f0000

Marking Bits: (ParMarkBitMap*) 0x0000000069324fb0
 Begin Bits: [0x0000014b3a2b0000, 0x0000014b3c2b0000)
 End Bits:   [0x0000014b3c2b0000, 0x0000014b3e2b0000)

Polling page: 0x0000014b28ba0000

CodeCache: size=245760Kb used=90848Kb max_used=90878Kb free=154912Kb
 bounds [0x0000014b2a830000, 0x0000014b30180000, 0x0000014b39830000]
 total_blobs=24938 nmethods=23888 adapters=958
 compilation: enabled

Compilation events (10 events):
Event: 13611.434 Thread 0x0000014b3f10c000 nmethod 30629 0x0000014b2f507c50 code [0x0000014b2f507e20, 0x0000014b2f508440]
Event: 13611.561 Thread 0x0000014b3f10c000 30630       2       org.gradle.internal.execution.steps.SkipUpToDateStep::execute (62 bytes)
Event: 13611.565 Thread 0x0000014b3f10c000 nmethod 30630 0x0000014b2f506610 code [0x0000014b2f506840, 0x0000014b2f5071b0]
Event: 13611.565 Thread 0x0000014b3f10c000 30631       2       org.gradle.internal.execution.steps.SkipUpToDateStep::lambda$execute$0 (78 bytes)
Event: 13611.568 Thread 0x0000014b3f10c000 nmethod 30631 0x0000014b2f505610 code [0x0000014b2f505820, 0x0000014b2f505f00]
Event: 13611.579 Thread 0x0000014b3f10c000 30632       2       com.android.tools.r8.code.P2::q (10 bytes)
Event: 13611.580 Thread 0x0000014b3f10c000 nmethod 30632 0x0000014b2f0c37d0 code [0x0000014b2f0c3920, 0x0000014b2f0c3a78]
Event: 13611.585 Thread 0x0000014b3f10c000 30633 %     3       com.android.tools.r8.q.a.a.a.S::apply @ 2 (47 bytes)
Event: 13611.586 Thread 0x0000014b3f10c000 nmethod 30633% 0x0000014b2f504c50 code [0x0000014b2f504e00, 0x0000014b2f505430]
Event: 13611.587 Thread 0x0000014b3f10c000 30634       3       com.android.tools.r8.q.a.a.a.S::apply (47 bytes)

GC Heap History (10 events):
Event: 13587.057 GC heap before
{Heap before GC invocations=37 (full 7):
 PSYoungGen      total 604672K, used 588288K [0x00000000d5580000, 0x00000000ffb00000, 0x0000000100000000)
  eden space 588288K, 100% used [0x00000000d5580000,0x00000000f9400000,0x00000000f9400000)
  from space 16384K, 0% used [0x00000000f9400000,0x00000000f9400000,0x00000000fa400000)
  to   space 52736K, 0% used [0x00000000fc780000,0x00000000fc780000,0x00000000ffb00000)
 ParOldGen       total 241664K, used 139244K [0x0000000080000000, 0x000000008ec00000, 0x00000000d5580000)
  object space 241664K, 57% used [0x0000000080000000,0x00000000887fb038,0x000000008ec00000)
 Metaspace       used 173332K, capacity 181004K, committed 183296K, reserved 1208320K
  class space    used 22873K, capacity 24318K, committed 24832K, reserved 1048576K
Event: 13587.123 GC heap after
Heap after GC invocations=37 (full 7):
 PSYoungGen      total 642560K, used 14472K [0x00000000d5580000, 0x0000000100000000, 0x0000000100000000)
  eden space 589824K, 0% used [0x00000000d5580000,0x00000000d5580000,0x00000000f9580000)
  from space 52736K, 27% used [0x00000000fc780000,0x00000000fd5a2058,0x00000000ffb00000)
  to   space 51200K, 0% used [0x00000000f9580000,0x00000000f9580000,0x00000000fc780000)
 ParOldGen       total 241664K, used 139244K [0x0000000080000000, 0x000000008ec00000, 0x00000000d5580000)
  object space 241664K, 57% used [0x0000000080000000,0x00000000887fb038,0x000000008ec00000)
 Metaspace       used 173332K, capacity 181004K, committed 183296K, reserved 1208320K
  class space    used 22873K, capacity 24318K, committed 24832K, reserved 1048576K
}
Event: 13592.226 GC heap before
{Heap before GC invocations=38 (full 7):
 PSYoungGen      total 642560K, used 604296K [0x00000000d5580000, 0x0000000100000000, 0x0000000100000000)
  eden space 589824K, 100% used [0x00000000d5580000,0x00000000f9580000,0x00000000f9580000)
  from space 52736K, 27% used [0x00000000fc780000,0x00000000fd5a2058,0x00000000ffb00000)
  to   space 51200K, 0% used [0x00000000f9580000,0x00000000f9580000,0x00000000fc780000)
 ParOldGen       total 241664K, used 139244K [0x0000000080000000, 0x000000008ec00000, 0x00000000d5580000)
  object space 241664K, 57% used [0x0000000080000000,0x00000000887fb038,0x000000008ec00000)
 Metaspace       used 173429K, capacity 181084K, committed 183296K, reserved 1208320K
  class space    used 22874K, capacity 24320K, committed 24832K, reserved 1048576K
Event: 13592.299 GC heap after
Heap after GC invocations=38 (full 7):
 PSYoungGen      total 641024K, used 16415K [0x00000000d5580000, 0x00000000ffa80000, 0x0000000100000000)
  eden space 589824K, 0% used [0x00000000d5580000,0x00000000d5580000,0x00000000f9580000)
  from space 51200K, 32% used [0x00000000f9580000,0x00000000fa587d70,0x00000000fc780000)
  to   space 49152K, 0% used [0x00000000fca80000,0x00000000fca80000,0x00000000ffa80000)
 ParOldGen       total 241664K, used 139244K [0x0000000080000000, 0x000000008ec00000, 0x00000000d5580000)
  object space 241664K, 57% used [0x0000000080000000,0x00000000887fb038,0x000000008ec00000)
 Metaspace       used 173429K, capacity 181084K, committed 183296K, reserved 1208320K
  class space    used 22874K, capacity 24320K, committed 24832K, reserved 1048576K
}
Event: 13596.431 GC heap before
{Heap before GC invocations=39 (full 7):
 PSYoungGen      total 641024K, used 606239K [0x00000000d5580000, 0x00000000ffa80000, 0x0000000100000000)
  eden space 589824K, 100% used [0x00000000d5580000,0x00000000f9580000,0x00000000f9580000)
  from space 51200K, 32% used [0x00000000f9580000,0x00000000fa587d70,0x00000000fc780000)
  to   space 49152K, 0% used [0x00000000fca80000,0x00000000fca80000,0x00000000ffa80000)
 ParOldGen       total 241664K, used 139244K [0x0000000080000000, 0x000000008ec00000, 0x00000000d5580000)
  object space 241664K, 57% used [0x0000000080000000,0x00000000887fb038,0x000000008ec00000)
 Metaspace       used 173462K, capacity 181088K, committed 183296K, reserved 1208320K
  class space    used 22877K, capacity 24320K, committed 24832K, reserved 1048576K
Event: 13596.544 GC heap after
Heap after GC invocations=39 (full 7):
 PSYoungGen      total 641536K, used 35180K [0x00000000d5580000, 0x0000000100000000, 0x0000000100000000)
  eden space 592384K, 0% used [0x00000000d5580000,0x00000000d5580000,0x00000000f9800000)
  from space 49152K, 71% used [0x00000000fca80000,0x00000000fecdb280,0x00000000ffa80000)
  to   space 51712K, 0% used [0x00000000f9800000,0x00000000f9800000,0x00000000fca80000)
 ParOldGen       total 241664K, used 139244K [0x0000000080000000, 0x000000008ec00000, 0x00000000d5580000)
  object space 241664K, 57% used [0x0000000080000000,0x00000000887fb038,0x000000008ec00000)
 Metaspace       used 173462K, capacity 181088K, committed 183296K, reserved 1208320K
  class space    used 22877K, capacity 24320K, committed 24832K, reserved 1048576K
}
Event: 13600.543 GC heap before
{Heap before GC invocations=40 (full 7):
 PSYoungGen      total 641536K, used 627564K [0x00000000d5580000, 0x0000000100000000, 0x0000000100000000)
  eden space 592384K, 100% used [0x00000000d5580000,0x00000000f9800000,0x00000000f9800000)
  from space 49152K, 71% used [0x00000000fca80000,0x00000000fecdb280,0x00000000ffa80000)
  to   space 51712K, 0% used [0x00000000f9800000,0x00000000f9800000,0x00000000fca80000)
 ParOldGen       total 241664K, used 139244K [0x0000000080000000, 0x000000008ec00000, 0x00000000d5580000)
  object space 241664K, 57% used [0x0000000080000000,0x00000000887fb038,0x000000008ec00000)
 Metaspace       used 173502K, capacity 181156K, committed 183296K, reserved 1208320K
  class space    used 22877K, capacity 24320K, committed 24832K, reserved 1048576K
Event: 13600.855 GC heap after
Heap after GC invocations=40 (full 7):
 PSYoungGen      total 641536K, used 48892K [0x00000000d5580000, 0x0000000100000000, 0x0000000100000000)
  eden space 592384K, 0% used [0x00000000d5580000,0x00000000d5580000,0x00000000f9800000)
  from space 49152K, 99% used [0x00000000f9800000,0x00000000fc7bf160,0x00000000fc800000)
  to   space 57344K, 0% used [0x00000000fc800000,0x00000000fc800000,0x0000000100000000)
 ParOldGen       total 241664K, used 139244K [0x0000000080000000, 0x000000008ec00000, 0x00000000d5580000)
  object space 241664K, 57% used [0x0000000080000000,0x00000000887fb038,0x000000008ec00000)
 Metaspace       used 173502K, capacity 181156K, committed 183296K, reserved 1208320K
  class space    used 22877K, capacity 24320K, committed 24832K, reserved 1048576K
}
Event: 13607.782 GC heap before
{Heap before GC invocations=41 (full 7):
 PSYoungGen      total 641536K, used 641276K [0x00000000d5580000, 0x0000000100000000, 0x0000000100000000)
  eden space 592384K, 100% used [0x00000000d5580000,0x00000000f9800000,0x00000000f9800000)
  from space 49152K, 99% used [0x00000000f9800000,0x00000000fc7bf160,0x00000000fc800000)
  to   space 57344K, 0% used [0x00000000fc800000,0x00000000fc800000,0x0000000100000000)
 ParOldGen       total 241664K, used 139244K [0x0000000080000000, 0x000000008ec00000, 0x00000000d5580000)
  object space 241664K, 57% used [0x0000000080000000,0x00000000887fb038,0x000000008ec00000)
 Metaspace       used 173515K, capacity 181156K, committed 183296K, reserved 1208320K
  class space    used 22877K, capacity 24320K, committed 24832K, reserved 1048576K
Event: 13607.872 GC heap after
Heap after GC invocations=41 (full 7):
 PSYoungGen      total 642048K, used 30407K [0x00000000d5580000, 0x0000000100000000, 0x0000000100000000)
  eden space 584704K, 0% used [0x00000000d5580000,0x00000000d5580000,0x00000000f9080000)
  from space 57344K, 53% used [0x00000000fc800000,0x00000000fe5b1e18,0x0000000100000000)
  to   space 56832K, 0% used [0x00000000f9080000,0x00000000f9080000,0x00000000fc800000)
 ParOldGen       total 241664K, used 144883K [0x0000000080000000, 0x000000008ec00000, 0x00000000d5580000)
  object space 241664K, 59% used [0x0000000080000000,0x0000000088d7cc38,0x000000008ec00000)
 Metaspace       used 173515K, capacity 181156K, committed 183296K, reserved 1208320K
  class space    used 22877K, capacity 24320K, committed 24832K, reserved 1048576K
}

Deoptimization events (10 events):
Event: 13607.177 Thread 0x0000014b4369e800 Uncommon trap: reason=unstable_if action=reinterpret pc=0x0000014b2f6aae2c method=java.util.HashMap$EntrySpliterator.forEachRemaining(Ljava/util/function/Consumer;)V @ 75
Event: 13608.319 Thread 0x0000014b436a0000 Uncommon trap: reason=unstable_if action=reinterpret pc=0x0000014b2a9b2ea0 method=java.util.concurrent.locks.ReentrantReadWriteLock$Sync.tryAcquireShared(I)I @ 60
Event: 13608.319 Thread 0x0000014b4369e800 Uncommon trap: reason=unstable_if action=reinterpret pc=0x0000014b2dbd3394 method=java.util.concurrent.locks.ReentrantReadWriteLock$Sync.tryReleaseShared(I)Z @ 135
Event: 13608.324 Thread 0x0000014b436a0000 Uncommon trap: reason=unstable_if action=reinterpret pc=0x0000014b2cf0b438 method=java.util.concurrent.locks.ReentrantReadWriteLock$Sync.tryReleaseShared(I)Z @ 9
Event: 13608.494 Thread 0x0000014b4369e800 Uncommon trap: reason=unstable_if action=reinterpret pc=0x0000014b2eecaa18 method=com.android.tools.r8.utils.T.a(C)Z @ 15
Event: 13608.629 Thread 0x0000014b436a0000 Uncommon trap: reason=unstable_if action=reinterpret pc=0x0000014b2eeea910 method=com.android.tools.r8.graph.G0$b.a()V @ 6
Event: 13609.265 Thread 0x0000014b4369c000 Uncommon trap: reason=unstable_if action=reinterpret pc=0x0000014b2fddf9ec method=com.android.tools.r8.graph.K.a(IILcom/android/tools/r8/s/b/k0;)V @ 921
Event: 13610.977 Thread 0x0000014b4369c000 Uncommon trap: reason=unstable_if action=reinterpret pc=0x0000014b2ef06c38 method=com.android.tools.r8.utils.Y.d(I)Z @ 45
Event: 13611.022 Thread 0x0000014b4369c000 Uncommon trap: reason=unstable_if action=reinterpret pc=0x0000014b2f710f00 method=com.android.tools.r8.ir.optimize.l.q(Lcom/android/tools/r8/s/b/X;)V @ 424
Event: 13611.048 Thread 0x0000014b4369c000 Uncommon trap: reason=class_check action=maybe_recompile pc=0x0000014b2fc2f5a8 method=com.android.tools.r8.s.a.h.e.b(Lcom/android/tools/r8/s/b/k0;)V @ 142

Classes redefined (0 events):
No events

Internal exceptions (10 events):
Event: 13610.533 Thread 0x0000014b4369e800 Exception <a 'sun/nio/fs/WindowsException'> (0x00000000eb886060) thrown at [C:\jenkins\workspace\8-2-build-windows-amd64-cygwin\jdk8u261\295\hotspot\src\share\vm\prims\jni.cpp, line 710]
Event: 13610.619 Thread 0x0000014b4369c000 Exception <a 'sun/nio/fs/WindowsException'> (0x00000000eccd0460) thrown at [C:\jenkins\workspace\8-2-build-windows-amd64-cygwin\jdk8u261\295\hotspot\src\share\vm\prims\jni.cpp, line 710]
Event: 13610.721 Thread 0x0000014b4369c000 Exception <a 'sun/nio/fs/WindowsException'> (0x00000000ed939608) thrown at [C:\jenkins\workspace\8-2-build-windows-amd64-cygwin\jdk8u261\295\hotspot\src\share\vm\prims\jni.cpp, line 710]
Event: 13610.745 Thread 0x0000014b436a0000 Exception <a 'sun/nio/fs/WindowsException'> (0x00000000eea5c4e0) thrown at [C:\jenkins\workspace\8-2-build-windows-amd64-cygwin\jdk8u261\295\hotspot\src\share\vm\prims\jni.cpp, line 710]
Event: 13610.775 Thread 0x0000014b436a3000 Exception <a 'sun/nio/fs/WindowsException'> (0x00000000eec75868) thrown at [C:\jenkins\workspace\8-2-build-windows-amd64-cygwin\jdk8u261\295\hotspot\src\share\vm\prims\jni.cpp, line 710]
Event: 13610.854 Thread 0x0000014b436a3000 Exception <a 'sun/nio/fs/WindowsException'> (0x00000000ef96fe18) thrown at [C:\jenkins\workspace\8-2-build-windows-amd64-cygwin\jdk8u261\295\hotspot\src\share\vm\prims\jni.cpp, line 710]
Event: 13610.892 Thread 0x0000014b4369e800 Exception <a 'sun/nio/fs/WindowsException'> (0x00000000efcb2808) thrown at [C:\jenkins\workspace\8-2-build-windows-amd64-cygwin\jdk8u261\295\hotspot\src\share\vm\prims\jni.cpp, line 710]
Event: 13610.972 Thread 0x0000014b4369c000 Exception <a 'sun/nio/fs/WindowsException'> (0x00000000f17d67d0) thrown at [C:\jenkins\workspace\8-2-build-windows-amd64-cygwin\jdk8u261\295\hotspot\src\share\vm\prims\jni.cpp, line 710]
Event: 13611.245 Thread 0x0000014b4369c000 Exception <a 'sun/nio/fs/WindowsException'> (0x00000000f401c500) thrown at [C:\jenkins\workspace\8-2-build-windows-amd64-cygwin\jdk8u261\295\hotspot\src\share\vm\prims\jni.cpp, line 710]
Event: 13611.517 Thread 0x0000014b4369e800 Exception <a 'sun/nio/fs/WindowsException'> (0x00000000f71dd8d0) thrown at [C:\jenkins\workspace\8-2-build-windows-amd64-cygwin\jdk8u261\295\hotspot\src\share\vm\prims\jni.cpp, line 710]

Events (10 events):
Event: 13611.311 Thread 0x0000014b436a0000 DEOPT UNPACKING pc=0x0000014b2a877498 sp=0x00000008771fa7f8 mode 0
Event: 13611.360 Thread 0x0000014b436a0000 DEOPT PACKING pc=0x0000014b30102573 sp=0x00000008771fa520
Event: 13611.360 Thread 0x0000014b436a0000 DEOPT UNPACKING pc=0x0000014b2a877498 sp=0x00000008771fa568 mode 0
Event: 13611.362 Thread 0x0000014b436a0000 DEOPT PACKING pc=0x0000014b30122022 sp=0x00000008771fa510
Event: 13611.362 Thread 0x0000014b436a0000 DEOPT UNPACKING pc=0x0000014b2a877498 sp=0x00000008771fa548 mode 0
Event: 13611.425 Thread 0x0000014b436a0000 DEOPT PACKING pc=0x0000014b30102636 sp=0x00000008771fa150
Event: 13611.425 Thread 0x0000014b436a0000 DEOPT UNPACKING pc=0x0000014b2a877498 sp=0x00000008771fa198 mode 0
Event: 13611.531 Thread 0x0000014b4369e800 DEOPT PACKING pc=0x0000014b2f47ed57 sp=0x00000008776fb200
Event: 13611.531 Thread 0x0000014b4369e800 DEOPT UNPACKING pc=0x0000014b2a877498 sp=0x00000008776fb300 mode 0
Event: 13611.587 Thread 0x0000014b436a0000 DEOPT PACKING pc=0x0000014b2f90bb19 sp=0x00000008771fa730


Dynamic libraries:
0x00007ff6382f0000 - 0x00007ff638337000 	C:\Program Files\Java\jdk1.8.0_261\bin\java.exe
0x00007ffe17900000 - 0x00007ffe17aed000 	C:\Windows\SYSTEM32\ntdll.dll
0x00007ffe15280000 - 0x00007ffe15333000 	C:\Windows\System32\KERNEL32.DLL
0x00007ffe143b0000 - 0x00007ffe14645000 	C:\Windows\System32\KERNELBASE.dll
0x00007ffe17780000 - 0x00007ffe17823000 	C:\Windows\System32\ADVAPI32.dll
0x00007ffe17830000 - 0x00007ffe178ce000 	C:\Windows\System32\msvcrt.dll
0x00007ffe14ce0000 - 0x00007ffe14d7e000 	C:\Windows\System32\sechost.dll
0x00007ffe15080000 - 0x00007ffe151a2000 	C:\Windows\System32\RPCRT4.dll
0x00007ffe14d80000 - 0x00007ffe14f17000 	C:\Windows\System32\USER32.dll
0x00007ffe14670000 - 0x00007ffe14690000 	C:\Windows\System32\win32u.dll
0x00007ffe15cf0000 - 0x00007ffe15d19000 	C:\Windows\System32\GDI32.dll
0x00007ffe14210000 - 0x00007ffe143ac000 	C:\Windows\System32\gdi32full.dll
0x00007ffe14a80000 - 0x00007ffe14b20000 	C:\Windows\System32\msvcp_win.dll
0x00007ffe14980000 - 0x00007ffe14a7a000 	C:\Windows\System32\ucrtbase.dll
0x00007ffe09640000 - 0x00007ffe098b9000 	C:\Windows\WinSxS\amd64_microsoft.windows.common-controls_6595b64144ccf1df_6.0.17763.1518_none_de6e2bd0534e2567\COMCTL32.dll
0x00007ffe173e0000 - 0x00007ffe1770d000 	C:\Windows\System32\combase.dll
0x00007ffe14160000 - 0x00007ffe141de000 	C:\Windows\System32\bcryptPrimitives.dll
0x00007ffe14c00000 - 0x00007ffe14c2e000 	C:\Windows\System32\IMM32.DLL
0x00007ffe127c0000 - 0x00007ffe127ef000 	C:\Windows\system32\nvinitx.dll
0x00007ffe12780000 - 0x00007ffe1278a000 	C:\Windows\SYSTEM32\VERSION.dll
0x000000000f000000 - 0x000000000f006000 	C:\Program Files\NVIDIA Corporation\CoProcManager\_etoured.dll
0x00007ffe101c0000 - 0x00007ffe101f3000 	C:\Program Files\NVIDIA Corporation\CoProcManager\nvd3d9wrapx.dll
0x00007ffe155a0000 - 0x00007ffe15a16000 	C:\Windows\System32\SETUPAPI.dll
0x00007ffe139b0000 - 0x00007ffe139fa000 	C:\Windows\System32\cfgmgr32.dll
0x00007ffe141e0000 - 0x00007ffe14206000 	C:\Windows\System32\bcrypt.dll
0x00007ffe10040000 - 0x00007ffe10063000 	C:\Program Files\NVIDIA Corporation\CoProcManager\nvdxgiwrapx.dll
0x00007ffe0d060000 - 0x00007ffe0d075000 	C:\Program Files\Java\jdk1.8.0_261\jre\bin\vcruntime140.dll
0x00007ffe06c50000 - 0x00007ffe06ceb000 	C:\Program Files\Java\jdk1.8.0_261\jre\bin\msvcp140.dll
0x0000000068b30000 - 0x000000006939c000 	C:\Program Files\Java\jdk1.8.0_261\jre\bin\server\jvm.dll
0x00007ffe15340000 - 0x00007ffe15348000 	C:\Windows\System32\PSAPI.DLL
0x00007ffe0d4c0000 - 0x00007ffe0d4c9000 	C:\Windows\SYSTEM32\WSOCK32.dll
0x00007ffe105b0000 - 0x00007ffe105d4000 	C:\Windows\SYSTEM32\WINMM.dll
0x00007ffe15c60000 - 0x00007ffe15ccd000 	C:\Windows\System32\WS2_32.dll
0x00007ffe10580000 - 0x00007ffe105ad000 	C:\Windows\SYSTEM32\WINMMBASE.dll
0x00007ffe13910000 - 0x00007ffe13921000 	C:\Windows\System32\kernel.appcore.dll
0x00007ffe0fff0000 - 0x00007ffe10000000 	C:\Program Files\Java\jdk1.8.0_261\jre\bin\verify.dll
0x00007ffe09a20000 - 0x00007ffe09a4b000 	C:\Program Files\Java\jdk1.8.0_261\jre\bin\java.dll
0x00007ffe0cc90000 - 0x00007ffe0cca8000 	C:\Program Files\Java\jdk1.8.0_261\jre\bin\zip.dll
0x00007ffe15ee0000 - 0x00007ffe173d9000 	C:\Windows\System32\SHELL32.dll
0x00007ffe14c30000 - 0x00007ffe14cd8000 	C:\Windows\System32\shcore.dll
0x0000014b402a0000 - 0x0000014b409f2000 	C:\Windows\System32\windows.storage.dll
0x00007ffe138e0000 - 0x00007ffe13904000 	C:\Windows\System32\profapi.dll
0x00007ffe13950000 - 0x00007ffe139ad000 	C:\Windows\System32\powrprof.dll
0x00007ffe15540000 - 0x00007ffe15592000 	C:\Windows\System32\shlwapi.dll
0x00007ffe14650000 - 0x00007ffe14667000 	C:\Windows\System32\cryptsp.dll
0x00007ffe0bd50000 - 0x00007ffe0bd6c000 	C:\Program Files\Java\jdk1.8.0_261\jre\bin\net.dll
0x00007ffe13100000 - 0x00007ffe13167000 	C:\Windows\system32\mswsock.dll
0x00007ffe09a00000 - 0x00007ffe09a13000 	C:\Program Files\Java\jdk1.8.0_261\jre\bin\nio.dll
0x00007ffe0bd70000 - 0x00007ffe0bd97000 	C:\Users\Laptop-1\.gradle\native\f6784746aeab05261644944871eae4fe03e0ef1612fff0a4a95f87b438bc6780\windows-amd64\native-platform.dll
0x00007ffe0f750000 - 0x00007ffe0f75d000 	C:\Program Files\Java\jdk1.8.0_261\jre\bin\management.dll
0x00007ffe12c90000 - 0x00007ffe12cc3000 	C:\Windows\system32\rsaenh.dll
0x00007ffe137e0000 - 0x00007ffe13809000 	C:\Windows\SYSTEM32\USERENV.dll
0x00007ffe13280000 - 0x00007ffe1328c000 	C:\Windows\SYSTEM32\CRYPTBASE.dll
0x00007ffe12e30000 - 0x00007ffe12e6d000 	C:\Windows\SYSTEM32\IPHLPAPI.DLL
0x00007ffe17710000 - 0x00007ffe17718000 	C:\Windows\System32\NSI.dll
0x00007ffe0c030000 - 0x00007ffe0c046000 	C:\Windows\SYSTEM32\dhcpcsvc6.DLL
0x00007ffe0c010000 - 0x00007ffe0c02c000 	C:\Windows\SYSTEM32\dhcpcsvc.DLL
0x00007ffe12e70000 - 0x00007ffe12f37000 	C:\Windows\SYSTEM32\DNSAPI.dll
0x00007ffe0c6b0000 - 0x00007ffe0c6bb000 	C:\Windows\SYSTEM32\WINNSI.DLL
0x00007ffe07240000 - 0x00007ffe07264000 	C:\Program Files\Java\jdk1.8.0_261\jre\bin\sunec.dll
0x00007ffe06fa0000 - 0x00007ffe06faa000 	C:\Windows\System32\rasadhlp.dll
0x00007ffe09d00000 - 0x00007ffe09d79000 	C:\Windows\System32\fwpuclnt.dll
0x00007ffe0d500000 - 0x00007ffe0d50d000 	C:\Program Files\Java\jdk1.8.0_261\jre\bin\sunmscapi.dll
0x00007ffe146f0000 - 0x00007ffe148cc000 	C:\Windows\System32\CRYPT32.dll
0x00007ffe13930000 - 0x00007ffe13942000 	C:\Windows\System32\MSASN1.dll
0x00007ffe13380000 - 0x00007ffe133a6000 	C:\Windows\SYSTEM32\ncrypt.dll
0x00007ffe13340000 - 0x00007ffe1337c000 	C:\Windows\SYSTEM32\NTASN1.dll
0x00007ffe128f0000 - 0x00007ffe12921000 	C:\Windows\SYSTEM32\ntmarta.dll
0x00007ffdff360000 - 0x00007ffdff4f4000 	C:\Program Files\Java\jdk1.8.0_261\jre\bin\awt.dll
0x00007ffe151b0000 - 0x00007ffe15274000 	C:\Windows\System32\OLEAUT32.dll
0x00007ffe11a90000 - 0x00007ffe11b1c000 	C:\Windows\SYSTEM32\apphelp.dll
0x00007ffe11ec0000 - 0x00007ffe11eee000 	C:\Windows\system32\DWMAPI.DLL
0x00007ffe11c40000 - 0x00007ffe11cdc000 	C:\Windows\system32\uxtheme.dll
0x00007ffe0d0c0000 - 0x00007ffe0d0ea000 	C:\Program Files\Java\jdk1.8.0_261\jre\bin\dcpr.dll
0x00007ffdf6d20000 - 0x00007ffdf6f0d000 	C:\Windows\SYSTEM32\dbghelp.dll

VM Arguments:
jvm_args: -Xmx2048m -Dfile.encoding=UTF-8 -Duser.country=TR -Duser.language=tr -Duser.variant 
java_command: org.gradle.launcher.daemon.bootstrap.GradleDaemon 6.5
java_class_path (initial): C:\Users\Laptop-1\.gradle\wrapper\dists\gradle-6.5-bin\6nifqtx7604sqp1q6g8wikw7p\gradle-6.5\lib\gradle-launcher-6.5.jar
Launcher Type: SUN_STANDARD

Environment Variables:
JAVA_HOME=C:\Program Files\Java\jdk1.8.0_261
PATH=C:\Program Files\Python39\Scripts\;C:\Program Files\Python39\;C:\Program Files (x86)\Common Files\Oracle\Java\javapath;C:\Windows\system32;C:\Windows;C:\Windows\System32\Wbem;C:\Windows\System32\WindowsPowerShell\v1.0\;C:\Windows\System32\OpenSSH\;C:\Program Files\Calibre2\;C:\Program Files\MinGW\bin;C:\Users\Laptop-1\AppData\Local\Microsoft\WindowsApps;C:\Users\Laptop-1\AppData\Local\atom\bin;C:\Program Files\JetBrains\PyCharm 2020.2.3\bin;
USERNAME=Laptop-1
OS=Windows_NT
PROCESSOR_IDENTIFIER=Intel64 Family 6 Model 37 Stepping 5, GenuineIntel



---------------  S Y S T E M  ---------------

OS: Windows 10.0 , 64 bit Build 17763 (10.0.17763.475)

CPU:total 4 (initial active 4) (2 cores per cpu, 2 threads per core) family 6 model 37 stepping 5, cmov, cx8, fxsr, mmx, sse, sse2, sse3, ssse3, sse4.1, sse4.2, popcnt, ht, tsc, tscinvbit

Memory: 4k page, physical 3920308k(258840k free), swap 8114612k(4344k free)

vm_info: Java HotSpot(TM) 64-Bit Server VM (25.261-b12) for windows-amd64 JRE (1.8.0_261-b12), built on Jun 18 2020 06:56:32 by "" with unknown MS VC++:1916

time: Mon Nov  2 17:32:35 2020
timezone: Türkiye Standart Saati
elapsed time: 13611 seconds (0d 3h 46m 51s)

